-o-o-o-o-o-
Fecha: 18-07-2020 19:36:00
Operacion: Mantenimiento de usuarios
Usuario: toba
Version-PHP: 7.3.13
Servidor: localhost
URI: /portal/editor/aplicacion.php?ah=st5f13785c3fc682.85394310&ai=toba_usuarios%7C%7C3432&tm=1
Referrer: http://localhost:81/portal/editor/aplicacion.php?ah=st5f13785c222ce6.76638004&ai=toba_editor%7C%7C1000241
Host: 192.168.112.1
==========
[INFO][toba] Se detecto acceso desde el menu. Se limpia la memoria de la operacion
[DEBUG][toba_usuarios] Guardando parametros del item original
[DEBUG][toba_usuarios] array (
  'tm' => '1',
)
[DEBUG][toba_usuarios] PUNTO DE MONTAJE: se cargó exitosamente el autoload del punto de montaje proyecto
[INFO][toba_usuarios] PUNTO MONTAJE: se cargó la clase extension_toba/sesion.php del punto de montaje proyecto. El path del mismo es /app/toba/vendor/siu-toba/framework/proyectos/toba_usuarios/php
[DEBUG][toba] Cargando USUARIO 'toba' en el proyecto 'toba_usuarios'
[DEBUG][toba] Crear SESION '29' en el proyecto 'toba_usuarios'
[DEBUG][toba] Se creo la SESION [usuario: toba ]
[INFO][toba_usuarios] PUNTO MONTAJE: se cargó la clase extension_toba/sesion.php del punto de montaje proyecto. El path del mismo es /app/toba/vendor/siu-toba/framework/proyectos/toba_usuarios/php
[DEBUG][toba] [SECCION] Iniciando componentes...
[INFO][toba_usuarios] PUNTO MONTAJE: se cargó la clase usuarios/ci_navegacion.php del punto de montaje proyecto. El path del mismo es /app/toba/vendor/siu-toba/framework/proyectos/toba_usuarios/php
[DEBUG][toba] componente(2190): [callback][ ini__operacion ]
[DEBUG][toba] [SECCION] Procesando eventos...
[INFO][toba] componente(2190): No hay señales de un servicio anterior, no se atrapan eventos
[DEBUG][toba] [SECCION] Configurando dependencias para responder al servicio...
[DEBUG][toba] componente(2190): Pantalla de servicio: 'seleccionar'
[DEBUG][toba] componente(2190): [ callback ] 'conf__seleccionar'
[INFO][toba_usuarios] PUNTO MONTAJE: se cargó la clase usuarios/ei_form_filtro_usuarios.php del punto de montaje proyecto. El path del mismo es /app/toba/vendor/siu-toba/framework/proyectos/toba_usuarios/php
[DEBUG][toba] componente(2190): [ callback ] 'conf__filtro'
[DEBUG][toba] Se filtro el evento: cancelar
[DEBUG][toba] componente(2190): [ callback ] 'conf__cuadro'
[DEBUG][toba] [SECCION] Respondiendo al servicio__generar_html...
-o-o-o-o-o-
Fecha: 18-07-2020 19:36:10
Operacion: Log de Datos
Usuario: toba
Version-PHP: 7.3.13
Servidor: localhost
URI: /portal/usuarios/aplicacion.php?tm=1&tcm=central&ai=toba_usuarios||3460
Referrer: http://localhost:81/portal/editor/aplicacion.php?ah=st5f13785c3fc682.85394310&ai=toba_usuarios%7C%7C3432&tm=1
Host: 192.168.112.1
==========
[INFO][toba] Se detecto acceso desde el menu. Se limpia la memoria de la operacion
[DEBUG][toba_usuarios] PUNTO DE MONTAJE: se cargó exitosamente el autoload del punto de montaje proyecto
[INFO][toba_usuarios] PUNTO MONTAJE: se cargó la clase extension_toba/sesion.php del punto de montaje proyecto. El path del mismo es /app/toba/vendor/siu-toba/framework/proyectos/toba_usuarios/php
[DEBUG][toba] [SECCION] Iniciando componentes...
[INFO][toba_usuarios] PUNTO MONTAJE: se cargó la clase auditoria/log_datos/ci_auditoria.php del punto de montaje proyecto. El path del mismo es /app/toba/vendor/siu-toba/framework/proyectos/toba_usuarios/php
[DEBUG][toba] componente(2274): [callback][ ini__operacion ]
[DEBUG][toba] [SECCION] Procesando eventos...
[INFO][toba] componente(2274): No hay señales de un servicio anterior, no se atrapan eventos
[DEBUG][toba] [SECCION] Configurando dependencias para responder al servicio...
[DEBUG][toba] componente(2274): Pantalla de servicio: 'pant_inicial'
[DEBUG][toba] componente(2274): [ callback ] 'conf__pant_inicial'
[INFO][toba] componente(2274): [ callback ] 'conf__cuadro' no fue atrapado
[INFO][toba_usuarios] PUNTO MONTAJE: se cargó la clase auditoria/log_datos/filtro_auditoria.php del punto de montaje proyecto. El path del mismo es /app/toba/vendor/siu-toba/framework/proyectos/toba_usuarios/php
[DEBUG][toba] componente(2274): [ callback ] 'conf__filtro'
[DEBUG][toba] [SECCION] Respondiendo al servicio__generar_html...
-o-o-o-o-o-
Fecha: 18-07-2020 19:36:12
Operacion: Log de Datos
Usuario: toba
Version-PHP: 7.3.13
Servidor: localhost
URI: /portal/usuarios/aplicacion.php?ah=st5f13795a97fcf9.47946083&ai=toba_usuarios||3460&tcm=central&ai=toba_usuarios||3460&ts=cascadas_efs&cascadas-ef=tablas&cascadas-maestros=proyecto-;-portal-%7C-esquema-;-public_auditoria-%7C-&tsd=toba_usuarios||2273,
Referrer: http://localhost:81/portal/usuarios/aplicacion.php?tm=1&tcm=central&ai=toba_usuarios||3460
Host: 192.168.112.1
==========
[DEBUG][toba_usuarios] PUNTO DE MONTAJE: se cargó exitosamente el autoload del punto de montaje proyecto
[INFO][toba_usuarios] PUNTO MONTAJE: se cargó la clase extension_toba/sesion.php del punto de montaje proyecto. El path del mismo es /app/toba/vendor/siu-toba/framework/proyectos/toba_usuarios/php
[DEBUG][toba] [SECCION] Iniciando componentes...
[INFO][toba_usuarios] PUNTO MONTAJE: se cargó la clase auditoria/log_datos/ci_auditoria.php del punto de montaje proyecto. El path del mismo es /app/toba/vendor/siu-toba/framework/proyectos/toba_usuarios/php
[DEBUG][toba] componente(2274): Pantalla de eventos: 'pant_inicial'
[DEBUG][toba] [SECCION] Procesando eventos...
[DEBUG][toba] componente(2274): [ inicializar_dependencias ]
array (
  0 => 'filtro',
)
[INFO][toba_usuarios] PUNTO MONTAJE: se cargó la clase auditoria/log_datos/filtro_auditoria.php del punto de montaje proyecto. El path del mismo es /app/toba/vendor/siu-toba/framework/proyectos/toba_usuarios/php
[DEBUG][toba] [SECCION] Configurando dependencias para responder al servicio...
[DEBUG][toba] componente(2274): Pantalla de servicio: 'pant_inicial'
[DEBUG][toba] componente(2274): [ callback ] 'conf__pant_inicial'
[INFO][toba] componente(2274): [ callback ] 'conf__cuadro' no fue atrapado
[DEBUG][toba] componente(2274): [ callback ] 'conf__filtro'
[DEBUG][toba] [SECCION] Respondiendo al servicio__cascadas_efs...
[DEBUG][toba_usuarios] Cascadas 'tablas', Estado de los maestros: array (
  'proyecto' => 'portal',
  'esquema' => 'public_auditoria',
)
[DEBUG][toba_usuarios] Cascadas 'tablas', Respuesta: array (
  'logs_categorias' => 'logs_categorias',
  'logs_escuelas' => 'logs_escuelas',
  'logs_paginas' => 'logs_paginas',
  'logs_param_clasificacion' => 'logs_param_clasificacion',
  'logs_param_departamentos' => 'logs_param_departamentos',
  'logs_param_localidades' => 'logs_param_localidades',
  'logs_param_paises' => 'logs_param_paises',
  'logs_param_provincias' => 'logs_param_provincias',
  'logs_param_tipos' => 'logs_param_tipos',
  'logs_personas' => 'logs_personas',
  'logs_publicaciones' => 'logs_publicaciones',
  'logs_publicaciones_categorias' => 'logs_publicaciones_categorias',
  'logs_publicaciones_galerias' => 'logs_publicaciones_galerias',
  'logs_suscripciones' => 'logs_suscripciones',
  'logs_usuarios' => 'logs_usuarios',
)
-o-o-o-o-o-
Fecha: 18-07-2020 19:36:15
Operacion: Log de Datos
Usuario: toba
Version-PHP: 7.3.13
Servidor: localhost
URI: /portal/usuarios/aplicacion.php?ah=st5f13795a97fcf9.47946083&ai=toba_usuarios%7C%7C3460
Referrer: http://localhost:81/portal/usuarios/aplicacion.php?tm=1&tcm=central&ai=toba_usuarios||3460
Host: 192.168.112.1
==========
[DEBUG][toba_usuarios] PUNTO DE MONTAJE: se cargó exitosamente el autoload del punto de montaje proyecto
[INFO][toba_usuarios] PUNTO MONTAJE: se cargó la clase extension_toba/sesion.php del punto de montaje proyecto. El path del mismo es /app/toba/vendor/siu-toba/framework/proyectos/toba_usuarios/php
[DEBUG][toba] [SECCION] Iniciando componentes...
[INFO][toba_usuarios] PUNTO MONTAJE: se cargó la clase auditoria/log_datos/ci_auditoria.php del punto de montaje proyecto. El path del mismo es /app/toba/vendor/siu-toba/framework/proyectos/toba_usuarios/php
[DEBUG][toba] componente(2274): Pantalla de eventos: 'pant_inicial'
[DEBUG][toba] [SECCION] Procesando eventos...
[DEBUG][toba] componente(2274): [ inicializar_dependencias ]
array (
  0 => 'filtro',
)
[INFO][toba_usuarios] PUNTO MONTAJE: se cargó la clase auditoria/log_datos/filtro_auditoria.php del punto de montaje proyecto. El path del mismo es /app/toba/vendor/siu-toba/framework/proyectos/toba_usuarios/php
[DEBUG][toba] componente(2274): [ registrar_evento ] 'filtrar' -> [ evt__filtro__filtrar ]
array (
  0 => 
  array (
    'proyecto' => 'portal',
    'esquema' => 'public_auditoria',
    'tablas' => 
    array (
      0 => 'logs_categorias',
    ),
    'fecha_desde' => NULL,
    'fecha_hasta' => NULL,
    'usuario' => NULL,
    'operacion' => NULL,
    'auditoria_id_solicitud' => NULL,
    'ordenar' => 'fecha',
    'campo' => NULL,
    'valor' => NULL,
  ),
)
[DEBUG][toba] [SECCION] Configurando dependencias para responder al servicio...
[DEBUG][toba] componente(2274): Pantalla de servicio: 'pant_inicial'
[DEBUG][toba] componente(2274): [ callback ] 'conf__pant_inicial'
[INFO][toba] componente(2274): [ callback ] 'conf__cuadro' no fue atrapado
[INFO][toba] componente(2274): [ callback ] 'conf__cuadro_logs_categorias' no fue atrapado
[DEBUG][toba] componente(2274): [ callback ] 'conf__filtro'
[DEBUG][toba] [SECCION] Respondiendo al servicio__generar_html...
-o-o-o-o-o-
Fecha: 23-07-2020 12:22:49
Operacion: Mantenimiento de usuarios
Usuario: toba
Version-PHP: 7.3.13
Servidor: localhost
URI: /portal/editor/aplicacion.php?ah=st5f19ab47229065.87904027&ai=toba_usuarios%7C%7C3432&tm=1
Referrer: http://localhost:81/portal/editor/aplicacion.php?ah=st5f19ab46f27a46.23372028&ai=toba_editor%7C%7C1000241
Host: 172.30.0.1
==========
[INFO][toba] Se detecto acceso desde el menu. Se limpia la memoria de la operacion
[DEBUG][toba_usuarios] Guardando parametros del item original
[DEBUG][toba_usuarios] array (
  'tm' => '1',
)
[DEBUG][toba_usuarios] PUNTO DE MONTAJE: se cargó exitosamente el autoload del punto de montaje proyecto
[INFO][toba_usuarios] PUNTO MONTAJE: se cargó la clase extension_toba/sesion.php del punto de montaje proyecto. El path del mismo es /app/toba/vendor/siu-toba/framework/proyectos/toba_usuarios/php
[DEBUG][toba] Cargando USUARIO 'toba' en el proyecto 'toba_usuarios'
[DEBUG][toba] Crear SESION '43' en el proyecto 'toba_usuarios'
[DEBUG][toba] Se creo la SESION [usuario: toba ]
[INFO][toba_usuarios] PUNTO MONTAJE: se cargó la clase extension_toba/sesion.php del punto de montaje proyecto. El path del mismo es /app/toba/vendor/siu-toba/framework/proyectos/toba_usuarios/php
[DEBUG][toba] [SECCION] Iniciando componentes...
[INFO][toba_usuarios] PUNTO MONTAJE: se cargó la clase usuarios/ci_navegacion.php del punto de montaje proyecto. El path del mismo es /app/toba/vendor/siu-toba/framework/proyectos/toba_usuarios/php
[DEBUG][toba] componente(2190): [callback][ ini__operacion ]
[DEBUG][toba] [SECCION] Procesando eventos...
[INFO][toba] componente(2190): No hay señales de un servicio anterior, no se atrapan eventos
[DEBUG][toba] [SECCION] Configurando dependencias para responder al servicio...
[DEBUG][toba] componente(2190): Pantalla de servicio: 'seleccionar'
[DEBUG][toba] componente(2190): [ callback ] 'conf__seleccionar'
[INFO][toba_usuarios] PUNTO MONTAJE: se cargó la clase usuarios/ei_form_filtro_usuarios.php del punto de montaje proyecto. El path del mismo es /app/toba/vendor/siu-toba/framework/proyectos/toba_usuarios/php
[DEBUG][toba] componente(2190): [ callback ] 'conf__filtro'
[DEBUG][toba] Se filtro el evento: cancelar
[DEBUG][toba] componente(2190): [ callback ] 'conf__cuadro'
[DEBUG][toba] [SECCION] Respondiendo al servicio__generar_html...
-o-o-o-o-o-
Fecha: 23-07-2020 12:23:03
Operacion: Mantenimiento de usuarios
Usuario: toba
Version-PHP: 7.3.13
Servidor: localhost
URI: /portal/editor/aplicacion.php?ah=st5f19ab49d9b690.85478699&ai=toba_usuarios%7C%7C3432
Referrer: http://localhost:81/portal/editor/aplicacion.php?ah=st5f19ab47229065.87904027&ai=toba_usuarios%7C%7C3432&tm=1
Host: 172.30.0.1
==========
[DEBUG][toba_usuarios] PUNTO DE MONTAJE: se cargó exitosamente el autoload del punto de montaje proyecto
[INFO][toba_usuarios] PUNTO MONTAJE: se cargó la clase extension_toba/sesion.php del punto de montaje proyecto. El path del mismo es /app/toba/vendor/siu-toba/framework/proyectos/toba_usuarios/php
[DEBUG][toba] [SECCION] Iniciando componentes...
[INFO][toba_usuarios] PUNTO MONTAJE: se cargó la clase usuarios/ci_navegacion.php del punto de montaje proyecto. El path del mismo es /app/toba/vendor/siu-toba/framework/proyectos/toba_usuarios/php
[DEBUG][toba] componente(2190): Pantalla de eventos: 'seleccionar'
[DEBUG][toba] [SECCION] Procesando eventos...
[DEBUG][toba] componente(2190): [ inicializar_dependencias ]
array (
  0 => 'filtro',
  1 => 'cuadro',
)
[INFO][toba_usuarios] PUNTO MONTAJE: se cargó la clase usuarios/ei_form_filtro_usuarios.php del punto de montaje proyecto. El path del mismo es /app/toba/vendor/siu-toba/framework/proyectos/toba_usuarios/php
[DEBUG][toba] componente(2190): [ registrar_evento ] 'filtrar' -> [ evt__filtro__filtrar ]
array (
  0 => 
  array (
    'usuario' => NULL,
    'nombre' => NULL,
    'pertenencia' => 'T',
    'proyecto' => 'portal',
  ),
)
[DEBUG][toba] [SECCION] Configurando dependencias para responder al servicio...
[DEBUG][toba] componente(2190): Pantalla de servicio: 'seleccionar'
[DEBUG][toba] componente(2190): [ callback ] 'conf__seleccionar'
[DEBUG][toba] componente(2190): [ callback ] 'conf__filtro'
[DEBUG][toba] componente(2190): [ callback ] 'conf__cuadro'
[DEBUG][toba] [SECCION] Respondiendo al servicio__generar_html...
-o-o-o-o-o-
Fecha: 23-07-2020 12:23:06
Operacion: Perfiles Funcionales
Usuario: toba
Version-PHP: 7.3.13
Servidor: localhost
URI: /portal/usuarios/aplicacion.php?tm=1&tcm=central&ai=toba_usuarios||3426
Referrer: http://localhost:81/portal/editor/aplicacion.php?ah=st5f19ab49d9b690.85478699&ai=toba_usuarios%7C%7C3432
Host: 172.30.0.1
==========
[INFO][toba] Se detecto acceso desde el menu. Se limpia la memoria de la operacion
[DEBUG][toba_usuarios] PUNTO DE MONTAJE: se cargó exitosamente el autoload del punto de montaje proyecto
[INFO][toba_usuarios] PUNTO MONTAJE: se cargó la clase extension_toba/sesion.php del punto de montaje proyecto. El path del mismo es /app/toba/vendor/siu-toba/framework/proyectos/toba_usuarios/php
[DEBUG][toba] [SECCION] Iniciando componentes...
[INFO][toba_usuarios] PUNTO MONTAJE: se cargó la clase perfiles/perfil_funcional/ci_navegacion_perfiles.php del punto de montaje proyecto. El path del mismo es /app/toba/vendor/siu-toba/framework/proyectos/toba_usuarios/php
[DEBUG][toba] componente(2175): [callback][ ini__operacion ]
[DEBUG][toba] [SECCION] Procesando eventos...
[INFO][toba] componente(2175): No hay señales de un servicio anterior, no se atrapan eventos
[DEBUG][toba] [SECCION] Configurando dependencias para responder al servicio...
[DEBUG][toba] componente(2175): Pantalla de servicio: 'seleccion_perfil'
[DEBUG][toba] componente(2175): [ callback ] 'conf__seleccion_perfil'
[INFO][toba_usuarios] PUNTO MONTAJE: se cargó la clase perfiles/form_proyecto.php del punto de montaje proyecto. El path del mismo es /app/toba/vendor/siu-toba/framework/proyectos/toba_usuarios/php
[DEBUG][toba] componente(2175): [ callback ] 'conf__filtro_proyectos'
[DEBUG][toba] componente(2175): [ callback ] 'conf__cuadro_grupos_acceso'
[DEBUG][toba_usuarios] SELECT 	proyecto,
						usuario_grupo_acc,
						nombre,
						descripcion
				FROM 	apex_usuario_grupo_acc WHERE 
proyecto = 'portal'

[DEBUG][toba] [SECCION] Respondiendo al servicio__generar_html...
-o-o-o-o-o-
Fecha: 23-07-2020 12:23:10
Operacion: Perfiles Funcionales
Usuario: toba
Version-PHP: 7.3.13
Servidor: localhost
URI: /portal/usuarios/aplicacion.php?ah=st5f19ab5a14a2c7.20760082&ai=toba_usuarios%7C%7C3426
Referrer: http://localhost:81/portal/usuarios/aplicacion.php?tm=1&tcm=central&ai=toba_usuarios||3426
Host: 172.30.0.1
==========
[DEBUG][toba_usuarios] PUNTO DE MONTAJE: se cargó exitosamente el autoload del punto de montaje proyecto
[INFO][toba_usuarios] PUNTO MONTAJE: se cargó la clase extension_toba/sesion.php del punto de montaje proyecto. El path del mismo es /app/toba/vendor/siu-toba/framework/proyectos/toba_usuarios/php
[DEBUG][toba] [SECCION] Iniciando componentes...
[INFO][toba_usuarios] PUNTO MONTAJE: se cargó la clase perfiles/perfil_funcional/ci_navegacion_perfiles.php del punto de montaje proyecto. El path del mismo es /app/toba/vendor/siu-toba/framework/proyectos/toba_usuarios/php
[DEBUG][toba] componente(2175): Pantalla de eventos: 'seleccion_perfil'
[DEBUG][toba] [SECCION] Procesando eventos...
[DEBUG][toba] componente(2175): [ evento ] 'agregar' -> [ evt__agregar ]
[INFO][toba_usuarios] PUNTO MONTAJE: se cargó la clase perfiles/perfil_funcional/ci_editor_perfiles.php del punto de montaje proyecto. El path del mismo es /app/toba/vendor/siu-toba/framework/proyectos/toba_usuarios/php
[DEBUG][toba] componente(2198): [callback][ ini__operacion ]
[INFO][toba] componente(2175): [ callback ] 'evt__seleccion_perfil__salida' no fue atrapado
[INFO][toba] componente(2175): [ callback ] 'evt__edicion_perfil__entrada' no fue atrapado
[DEBUG][toba] [SECCION] Configurando dependencias para responder al servicio...
[DEBUG][toba] componente(2175): Pantalla de servicio: 'edicion_perfil'
[DEBUG][toba] componente(2175): [ callback ] 'conf__edicion_perfil'
[DEBUG][toba] componente(2198): Pantalla de servicio: 'items_accesibles'
[INFO][toba] componente(2198): [ callback ] 'conf__items_accesibles' no fue atrapado
[INFO][toba_usuarios] PUNTO MONTAJE: se cargó la clase perfiles/perfil_funcional/arbol_perfiles_funcionales.php del punto de montaje proyecto. El path del mismo es /app/toba/vendor/siu-toba/framework/proyectos/toba_usuarios/php
[DEBUG][toba] componente(2198): [ callback ] 'conf__arbol_perfiles'
[INFO][toba] componente(2175): [ callback ] 'conf__editor_perfiles' no fue atrapado
[DEBUG][toba_usuarios] INSTALACION "/app/instalacion"
[DEBUG][toba_usuarios] Parametros instancia desarrollo: array (
  'base' => 'toba',
  'proyectos' => 'toba_usuarios, toba_editor, toba_referencia, portal',
  'tipo' => 'normal',
  'toba_usuarios' => 
  array (
    'path' => '/app/toba/vendor/siu-toba/framework/proyectos/toba_usuarios',
    'url' => '/portal/usuarios',
  ),
  'toba_editor' => 
  array (
    'path' => '/app/toba/vendor/siu-toba/framework/proyectos/toba_editor',
    'url' => '/portal/editor',
  ),
  'toba_referencia' => 
  array (
    'path' => '/app/toba/vendor/siu-toba/framework/proyectos/toba_referencia',
    'url' => '/toba_referencia/3.3',
  ),
  'portal' => 
  array (
    'path' => '/app/aplicacion',
    'url' => '/portal',
  ),
)
[DEBUG][toba_usuarios] INSTANCIA "desarrollo"
[INFO][toba_usuarios] PUNTO MONTAJE: se cargó la clase perfiles/perfil_funcional/ei_form_datos_perfil.php del punto de montaje proyecto. El path del mismo es /app/toba/vendor/siu-toba/framework/proyectos/toba_usuarios/php
[DEBUG][toba] componente(2201):  IMPLICITO: modificacion
[DEBUG][toba] componente(2175): [ callback ] 'conf__form_datos_perfil'
[DEBUG][toba] [SECCION] Respondiendo al servicio__generar_html...
-o-o-o-o-o-
Fecha: 23-07-2020 12:26:03
Operacion: Perfiles Funcionales
Usuario: toba
Version-PHP: 7.3.13
Servidor: localhost
URI: /portal/usuarios/aplicacion.php?ah=st5f19ab5e2f1143.24642457&ai=toba_usuarios%7C%7C3426
Referrer: http://localhost:81/portal/usuarios/aplicacion.php?ah=st5f19ab5a14a2c7.20760082&ai=toba_usuarios%7C%7C3426
Host: 172.30.0.1
==========
[DEBUG][toba_usuarios] PUNTO DE MONTAJE: se cargó exitosamente el autoload del punto de montaje proyecto
[INFO][toba_usuarios] PUNTO MONTAJE: se cargó la clase extension_toba/sesion.php del punto de montaje proyecto. El path del mismo es /app/toba/vendor/siu-toba/framework/proyectos/toba_usuarios/php
[DEBUG][toba] [SECCION] Iniciando componentes...
[INFO][toba_usuarios] PUNTO MONTAJE: se cargó la clase perfiles/perfil_funcional/ci_navegacion_perfiles.php del punto de montaje proyecto. El path del mismo es /app/toba/vendor/siu-toba/framework/proyectos/toba_usuarios/php
[DEBUG][toba] componente(2175): Pantalla de eventos: 'edicion_perfil'
[DEBUG][toba] [SECCION] Procesando eventos...
[DEBUG][toba] componente(2175): [ inicializar_dependencias ]
array (
  0 => 'form_datos_perfil',
  1 => 'editor_perfiles',
)
[INFO][toba_usuarios] PUNTO MONTAJE: se cargó la clase perfiles/perfil_funcional/ei_form_datos_perfil.php del punto de montaje proyecto. El path del mismo es /app/toba/vendor/siu-toba/framework/proyectos/toba_usuarios/php
[DEBUG][toba] componente(2201):  IMPLICITO: modificacion
[INFO][toba_usuarios] PUNTO MONTAJE: se cargó la clase perfiles/perfil_funcional/ci_editor_perfiles.php del punto de montaje proyecto. El path del mismo es /app/toba/vendor/siu-toba/framework/proyectos/toba_usuarios/php
[DEBUG][toba] componente(2198): Pantalla de eventos: 'items_accesibles'
[DEBUG][toba] componente(2175): [ registrar_evento ] 'modificacion' -> [ evt__form_datos_perfil__modificacion ]
array (
  0 => 
  array (
    'proyecto' => 'portal',
    'usuario_grupo_acc' => 'editor',
    'nombre' => 'Editor',
    'permite_edicion' => '0',
    'descripcion' => NULL,
  ),
)
[DEBUG][toba] TABLA: [apex_usuario_grupo_acc]
Nuevo cursor '0' en reemplazo del anterior ''
[DEBUG][toba] componente(2198): [ inicializar_dependencias ]
array (
  0 => 'arbol_perfiles',
)
[INFO][toba_usuarios] PUNTO MONTAJE: se cargó la clase perfiles/perfil_funcional/arbol_perfiles_funcionales.php del punto de montaje proyecto. El path del mismo es /app/toba/vendor/siu-toba/framework/proyectos/toba_usuarios/php
[INFO][toba] componente(2198): [ registrar_evento ]  El METODO [ evt__arbol_perfiles__cambio_apertura ] no existe - 'cambio_apertura' no fue atrapado
[DEBUG][toba] componente(2175): [ evento ] 'guardar' -> [ evt__guardar ]
[DEBUG][toba] ************ ABRIR transaccion (toba@dbpostgresql) ****************
[DEBUG][toba] ************ Se cambia el chequeo de constraints (DEFERRED) ****************
[DEBUG][toba] AP_TABLA: [apex_usuario_grupo_acc]
registro: 0 - INSERT INTO apex_usuario_grupo_acc ( proyecto, usuario_grupo_acc, nombre, nivel_acceso, descripcion, vencimiento, dias, hora_entrada, hora_salida, listar, menu_usuario, permite_edicion ) 
 VALUES ('portal', 'editor', 'Editor', DEFAULT, DEFAULT, DEFAULT, DEFAULT, DEFAULT, DEFAULT, DEFAULT, DEFAULT, '0');
[DEBUG][toba] ************ CERRAR transaccion (toba@dbpostgresql) ****************
[DEBUG][toba] TABLA: [apex_usuario_grupo_acc]
RESET!!
[DEBUG][toba] TABLA: [apex_usuario_grupo_acc]
Se resetea el cursor
[DEBUG][toba] TABLA: [apex_permiso_grupo_acc]
RESET!!
[DEBUG][toba] TABLA: [apex_permiso_grupo_acc]
Se resetea el cursor
[DEBUG][toba] TABLA: [apex_grupo_acc_restriccion_funcional]
RESET!!
[DEBUG][toba] TABLA: [apex_grupo_acc_restriccion_funcional]
Se resetea el cursor
[DEBUG][toba] TABLA: [apex_usuario_grupo_acc_miembros]
RESET!!
[DEBUG][toba] TABLA: [apex_usuario_grupo_acc_miembros]
Se resetea el cursor
[DEBUG][toba_usuarios] INSTALACION "/app/instalacion"
[DEBUG][toba_usuarios] Parametros instancia desarrollo: array (
  'base' => 'toba',
  'proyectos' => 'toba_usuarios, toba_editor, toba_referencia, portal',
  'tipo' => 'normal',
  'toba_usuarios' => 
  array (
    'path' => '/app/toba/vendor/siu-toba/framework/proyectos/toba_usuarios',
    'url' => '/portal/usuarios',
  ),
  'toba_editor' => 
  array (
    'path' => '/app/toba/vendor/siu-toba/framework/proyectos/toba_editor',
    'url' => '/portal/editor',
  ),
  'toba_referencia' => 
  array (
    'path' => '/app/toba/vendor/siu-toba/framework/proyectos/toba_referencia',
    'url' => '/toba_referencia/3.3',
  ),
  'portal' => 
  array (
    'path' => '/app/aplicacion',
    'url' => '/portal',
  ),
)
[DEBUG][toba_usuarios] INSTANCIA "desarrollo"
[INFO][toba] componente(2175): [ callback ] 'evt__edicion_perfil__salida' no fue atrapado
[INFO][toba] componente(2175): [ callback ] 'evt__seleccion_perfil__entrada' no fue atrapado
[DEBUG][toba] [SECCION] Configurando dependencias para responder al servicio...
[DEBUG][toba] componente(2175): Pantalla de servicio: 'seleccion_perfil'
[DEBUG][toba] componente(2175): [ callback ] 'conf__seleccion_perfil'
[INFO][toba_usuarios] PUNTO MONTAJE: se cargó la clase perfiles/form_proyecto.php del punto de montaje proyecto. El path del mismo es /app/toba/vendor/siu-toba/framework/proyectos/toba_usuarios/php
[DEBUG][toba] componente(2175): [ callback ] 'conf__filtro_proyectos'
[DEBUG][toba] componente(2175): [ callback ] 'conf__cuadro_grupos_acceso'
[DEBUG][toba_usuarios] SELECT 	proyecto,
						usuario_grupo_acc,
						nombre,
						descripcion
				FROM 	apex_usuario_grupo_acc WHERE 
proyecto = 'portal'

[DEBUG][toba] [SECCION] Respondiendo al servicio__generar_html...
-o-o-o-o-o-
Fecha: 23-07-2020 12:26:17
Operacion: Perfiles Funcionales
Usuario: toba
Version-PHP: 7.3.13
Servidor: localhost
URI: /portal/usuarios/aplicacion.php?ah=st5f19ac0b003cb1.58321108&ai=toba_usuarios%7C%7C3426
Referrer: http://localhost:81/portal/usuarios/aplicacion.php?ah=st5f19ab5e2f1143.24642457&ai=toba_usuarios%7C%7C3426
Host: 172.30.0.1
==========
[DEBUG][toba_usuarios] PUNTO DE MONTAJE: se cargó exitosamente el autoload del punto de montaje proyecto
[INFO][toba_usuarios] PUNTO MONTAJE: se cargó la clase extension_toba/sesion.php del punto de montaje proyecto. El path del mismo es /app/toba/vendor/siu-toba/framework/proyectos/toba_usuarios/php
[DEBUG][toba] [SECCION] Iniciando componentes...
[INFO][toba_usuarios] PUNTO MONTAJE: se cargó la clase perfiles/perfil_funcional/ci_navegacion_perfiles.php del punto de montaje proyecto. El path del mismo es /app/toba/vendor/siu-toba/framework/proyectos/toba_usuarios/php
[DEBUG][toba] componente(2175): Pantalla de eventos: 'seleccion_perfil'
[DEBUG][toba] [SECCION] Procesando eventos...
[DEBUG][toba] componente(2175): [ evento ] 'agregar' -> [ evt__agregar ]
[INFO][toba_usuarios] PUNTO MONTAJE: se cargó la clase perfiles/perfil_funcional/ci_editor_perfiles.php del punto de montaje proyecto. El path del mismo es /app/toba/vendor/siu-toba/framework/proyectos/toba_usuarios/php
[INFO][toba] componente(2175): [ callback ] 'evt__seleccion_perfil__salida' no fue atrapado
[INFO][toba] componente(2175): [ callback ] 'evt__edicion_perfil__entrada' no fue atrapado
[DEBUG][toba] [SECCION] Configurando dependencias para responder al servicio...
[DEBUG][toba] componente(2175): Pantalla de servicio: 'edicion_perfil'
[DEBUG][toba] componente(2175): [ callback ] 'conf__edicion_perfil'
[DEBUG][toba] componente(2198): Pantalla de servicio: 'items_accesibles'
[INFO][toba] componente(2198): [ callback ] 'conf__items_accesibles' no fue atrapado
[INFO][toba_usuarios] PUNTO MONTAJE: se cargó la clase perfiles/perfil_funcional/arbol_perfiles_funcionales.php del punto de montaje proyecto. El path del mismo es /app/toba/vendor/siu-toba/framework/proyectos/toba_usuarios/php
[DEBUG][toba] componente(2198): [ callback ] 'conf__arbol_perfiles'
[INFO][toba] componente(2175): [ callback ] 'conf__editor_perfiles' no fue atrapado
[DEBUG][toba_usuarios] INSTALACION "/app/instalacion"
[DEBUG][toba_usuarios] Parametros instancia desarrollo: array (
  'base' => 'toba',
  'proyectos' => 'toba_usuarios, toba_editor, toba_referencia, portal',
  'tipo' => 'normal',
  'toba_usuarios' => 
  array (
    'path' => '/app/toba/vendor/siu-toba/framework/proyectos/toba_usuarios',
    'url' => '/portal/usuarios',
  ),
  'toba_editor' => 
  array (
    'path' => '/app/toba/vendor/siu-toba/framework/proyectos/toba_editor',
    'url' => '/portal/editor',
  ),
  'toba_referencia' => 
  array (
    'path' => '/app/toba/vendor/siu-toba/framework/proyectos/toba_referencia',
    'url' => '/toba_referencia/3.3',
  ),
  'portal' => 
  array (
    'path' => '/app/aplicacion',
    'url' => '/portal',
  ),
)
[DEBUG][toba_usuarios] INSTANCIA "desarrollo"
[INFO][toba_usuarios] PUNTO MONTAJE: se cargó la clase perfiles/perfil_funcional/ei_form_datos_perfil.php del punto de montaje proyecto. El path del mismo es /app/toba/vendor/siu-toba/framework/proyectos/toba_usuarios/php
[DEBUG][toba] componente(2201):  IMPLICITO: modificacion
[DEBUG][toba] componente(2175): [ callback ] 'conf__form_datos_perfil'
[DEBUG][toba] [SECCION] Respondiendo al servicio__generar_html...
-o-o-o-o-o-
Fecha: 23-07-2020 12:27:11
Operacion: Perfiles Funcionales
Usuario: toba
Version-PHP: 7.3.13
Servidor: localhost
URI: /portal/usuarios/aplicacion.php?ah=st5f19ac19764d43.20808843&ai=toba_usuarios%7C%7C3426
Referrer: http://localhost:81/portal/usuarios/aplicacion.php?ah=st5f19ac0b003cb1.58321108&ai=toba_usuarios%7C%7C3426
Host: 172.30.0.1
==========
[DEBUG][toba_usuarios] PUNTO DE MONTAJE: se cargó exitosamente el autoload del punto de montaje proyecto
[INFO][toba_usuarios] PUNTO MONTAJE: se cargó la clase extension_toba/sesion.php del punto de montaje proyecto. El path del mismo es /app/toba/vendor/siu-toba/framework/proyectos/toba_usuarios/php
[DEBUG][toba] [SECCION] Iniciando componentes...
[INFO][toba_usuarios] PUNTO MONTAJE: se cargó la clase perfiles/perfil_funcional/ci_navegacion_perfiles.php del punto de montaje proyecto. El path del mismo es /app/toba/vendor/siu-toba/framework/proyectos/toba_usuarios/php
[DEBUG][toba] componente(2175): Pantalla de eventos: 'edicion_perfil'
[DEBUG][toba] [SECCION] Procesando eventos...
[DEBUG][toba] componente(2175): [ inicializar_dependencias ]
array (
  0 => 'form_datos_perfil',
  1 => 'editor_perfiles',
)
[INFO][toba_usuarios] PUNTO MONTAJE: se cargó la clase perfiles/perfil_funcional/ei_form_datos_perfil.php del punto de montaje proyecto. El path del mismo es /app/toba/vendor/siu-toba/framework/proyectos/toba_usuarios/php
[DEBUG][toba] componente(2201):  IMPLICITO: modificacion
[INFO][toba_usuarios] PUNTO MONTAJE: se cargó la clase perfiles/perfil_funcional/ci_editor_perfiles.php del punto de montaje proyecto. El path del mismo es /app/toba/vendor/siu-toba/framework/proyectos/toba_usuarios/php
[DEBUG][toba] componente(2198): Pantalla de eventos: 'items_accesibles'
[DEBUG][toba] componente(2175): [ registrar_evento ] 'modificacion' -> [ evt__form_datos_perfil__modificacion ]
array (
  0 => 
  array (
    'proyecto' => 'portal',
    'usuario_grupo_acc' => 'administrador',
    'nombre' => 'Administrador',
    'permite_edicion' => '1',
    'descripcion' => NULL,
  ),
)
[DEBUG][toba] TABLA: [apex_usuario_grupo_acc]
Nuevo cursor '0' en reemplazo del anterior ''
[DEBUG][toba] componente(2198): [ inicializar_dependencias ]
array (
  0 => 'arbol_perfiles',
)
[INFO][toba_usuarios] PUNTO MONTAJE: se cargó la clase perfiles/perfil_funcional/arbol_perfiles_funcionales.php del punto de montaje proyecto. El path del mismo es /app/toba/vendor/siu-toba/framework/proyectos/toba_usuarios/php
[INFO][toba] componente(2198): [ registrar_evento ]  El METODO [ evt__arbol_perfiles__cambio_apertura ] no existe - 'cambio_apertura' no fue atrapado
[DEBUG][toba] componente(2175): [ evento ] 'guardar' -> [ evt__guardar ]
[DEBUG][toba] ************ ABRIR transaccion (toba@dbpostgresql) ****************
[DEBUG][toba] ************ Se cambia el chequeo de constraints (DEFERRED) ****************
[DEBUG][toba] AP_TABLA: [apex_usuario_grupo_acc]
registro: 0 - INSERT INTO apex_usuario_grupo_acc ( proyecto, usuario_grupo_acc, nombre, nivel_acceso, descripcion, vencimiento, dias, hora_entrada, hora_salida, listar, menu_usuario, permite_edicion ) 
 VALUES ('portal', 'administrador', 'Administrador', DEFAULT, DEFAULT, DEFAULT, DEFAULT, DEFAULT, DEFAULT, DEFAULT, DEFAULT, '1');
[DEBUG][toba] ************ CERRAR transaccion (toba@dbpostgresql) ****************
[DEBUG][toba] TABLA: [apex_usuario_grupo_acc]
RESET!!
[DEBUG][toba] TABLA: [apex_usuario_grupo_acc]
Se resetea el cursor
[DEBUG][toba] TABLA: [apex_permiso_grupo_acc]
RESET!!
[DEBUG][toba] TABLA: [apex_permiso_grupo_acc]
Se resetea el cursor
[DEBUG][toba] TABLA: [apex_grupo_acc_restriccion_funcional]
RESET!!
[DEBUG][toba] TABLA: [apex_grupo_acc_restriccion_funcional]
Se resetea el cursor
[DEBUG][toba] TABLA: [apex_usuario_grupo_acc_miembros]
RESET!!
[DEBUG][toba] TABLA: [apex_usuario_grupo_acc_miembros]
Se resetea el cursor
[DEBUG][toba_usuarios] INSTALACION "/app/instalacion"
[DEBUG][toba_usuarios] Parametros instancia desarrollo: array (
  'base' => 'toba',
  'proyectos' => 'toba_usuarios, toba_editor, toba_referencia, portal',
  'tipo' => 'normal',
  'toba_usuarios' => 
  array (
    'path' => '/app/toba/vendor/siu-toba/framework/proyectos/toba_usuarios',
    'url' => '/portal/usuarios',
  ),
  'toba_editor' => 
  array (
    'path' => '/app/toba/vendor/siu-toba/framework/proyectos/toba_editor',
    'url' => '/portal/editor',
  ),
  'toba_referencia' => 
  array (
    'path' => '/app/toba/vendor/siu-toba/framework/proyectos/toba_referencia',
    'url' => '/toba_referencia/3.3',
  ),
  'portal' => 
  array (
    'path' => '/app/aplicacion',
    'url' => '/portal',
  ),
)
[DEBUG][toba_usuarios] INSTANCIA "desarrollo"
[INFO][toba] componente(2175): [ callback ] 'evt__edicion_perfil__salida' no fue atrapado
[INFO][toba] componente(2175): [ callback ] 'evt__seleccion_perfil__entrada' no fue atrapado
[DEBUG][toba] [SECCION] Configurando dependencias para responder al servicio...
[DEBUG][toba] componente(2175): Pantalla de servicio: 'seleccion_perfil'
[DEBUG][toba] componente(2175): [ callback ] 'conf__seleccion_perfil'
[INFO][toba_usuarios] PUNTO MONTAJE: se cargó la clase perfiles/form_proyecto.php del punto de montaje proyecto. El path del mismo es /app/toba/vendor/siu-toba/framework/proyectos/toba_usuarios/php
[DEBUG][toba] componente(2175): [ callback ] 'conf__filtro_proyectos'
[DEBUG][toba] componente(2175): [ callback ] 'conf__cuadro_grupos_acceso'
[DEBUG][toba_usuarios] SELECT 	proyecto,
						usuario_grupo_acc,
						nombre,
						descripcion
				FROM 	apex_usuario_grupo_acc WHERE 
proyecto = 'portal'

[DEBUG][toba] [SECCION] Respondiendo al servicio__generar_html...
