-o-o-o-o-o-
Fecha: 22-07-2020 23:59:56
Operacion: Secciones
Usuario: toba
Version-PHP: 7.3.13
Servidor: localhost
URI: /portal/aplicacion.php?ah=st5f18fcff1e5611.65107818&ai=portal%7C%7C3474
Referrer: http://localhost:81/portal/aplicacion.php?ah=st5f18fc817e35d6.01984409&ai=portal%7C%7C3474
Host: 172.30.0.1
==========
[DEBUG][portal] PUNTO DE MONTAJE: se cargó exitosamente el autoload del punto de montaje proyecto
[DEBUG][portal] INSTALACION "/app/instalacion"
[DEBUG][portal] Parametros instancia desarrollo: array (
  'base' => 'toba',
  'proyectos' => 'toba_usuarios, toba_editor, toba_referencia, portal',
  'tipo' => 'normal',
  'toba_usuarios' => 
  array (
    'path' => '/app/toba/vendor/siu-toba/framework/proyectos/toba_usuarios',
    'url' => '/portal/usuarios',
  ),
  'toba_editor' => 
  array (
    'path' => '/app/toba/vendor/siu-toba/framework/proyectos/toba_editor',
    'url' => '/portal/editor',
  ),
  'toba_referencia' => 
  array (
    'path' => '/app/toba/vendor/siu-toba/framework/proyectos/toba_referencia',
    'url' => '/toba_referencia/3.3',
  ),
  'portal' => 
  array (
    'path' => '/app/aplicacion',
    'url' => '/portal',
  ),
)
[DEBUG][portal] INSTANCIA "desarrollo"
[DEBUG][portal] Conectando a base 'toba'
[DEBUG][portal] Parametros de conexion: array (
  'motor' => 'postgres7',
  'profile' => 'dbpostgresql',
  'usuario' => 'postgres',
  'clave' => '4204@2-0.513',
  'base' => 'toba',
  'puerto' => '5432',
  'encoding' => 'LATIN1',
  'schema' => 'desarrollo',
)
[DEBUG][portal] PROYECTO "portal"
[DEBUG][portal] PROYECTO "portal"
[DEBUG][portal] (
				SELECT 	amo.padre,
							amo.carpeta,
							amo.proyecto,
							amo.item,
							amo.descripcion as nombre,
							ai.orden as 		orden,
							ai.imagen,
							ai.imagen_recurso_origen,
							amo.padre = '1' as es_primer_nivel
				   FROM 
							apex_usuario_grupo_acc auga
						JOIN apex_menu_operaciones amo ON (auga.menu_usuario = amo.menu_id AND auga.proyecto = amo.proyecto)
						JOIN apex_usuario_grupo_acc_item augai ON (auga.proyecto = augai.proyecto AND auga.usuario_grupo_acc = augai.usuario_grupo_acc AND augai.item = amo.item)
						JOIN apex_item ai ON (augai.item = ai.item AND augai.proyecto = ai.proyecto)	
				  WHERE (ai.menu = 1)
					AND ai.item != ai.padre
					AND	(auga.usuario_grupo_acc IN ('admin') OR ai.publico = 1)
					AND	(amo.proyecto = 'portal')
					AND auga.menu_usuario IS NOT NULL
			UNION
				SELECT 	ai.padre,
						ai.carpeta,
						ai.proyecto,
						ai.item,
						ai.nombre as nombre,
						ai.orden as 		orden,
						ai.imagen,
						ai.imagen_recurso_origen,
						ai.padre = '1' as es_primer_nivel
				FROM 
						apex_usuario_grupo_acc auga
					JOIN apex_usuario_grupo_acc_item augai ON (auga.proyecto = augai.proyecto AND auga.usuario_grupo_acc = augai.usuario_grupo_acc)
					JOIN apex_item ai ON (augai.item = ai.item AND augai.proyecto = ai.proyecto)	
				WHERE auga.menu_usuario is null
					AND (ai.menu = 1)
					AND ai.item != ai.padre
					AND	(auga.usuario_grupo_acc IN ('admin') OR ai.publico = 1)
					AND	(ai.proyecto = 'portal')
			) ORDER BY 1, 6
[DEBUG][portal] (
				SELECT 	amo.padre,
							amo.carpeta,
							amo.proyecto,
							amo.item,
							amo.descripcion as nombre,
							ai.orden as 		orden,
							ai.imagen,
							ai.imagen_recurso_origen,
							amo.padre = '1' as es_primer_nivel
				   FROM 
							apex_usuario_grupo_acc auga
						JOIN apex_menu_operaciones amo ON (auga.menu_usuario = amo.menu_id AND auga.proyecto = amo.proyecto)
						JOIN apex_usuario_grupo_acc_item augai ON (auga.proyecto = augai.proyecto AND auga.usuario_grupo_acc = augai.usuario_grupo_acc AND augai.item = amo.item)
						JOIN apex_item ai ON (augai.item = ai.item AND augai.proyecto = ai.proyecto)	
				  WHERE (ai.menu = 1)
					AND ai.item != ai.padre
					AND	(auga.usuario_grupo_acc IN ('admin') OR ai.publico = 1)
					AND	(amo.proyecto = 'portal')
					AND auga.menu_usuario IS NOT NULL
			UNION
				SELECT 	ai.padre,
						ai.carpeta,
						ai.proyecto,
						ai.item,
						ai.nombre as nombre,
						ai.orden as 		orden,
						ai.imagen,
						ai.imagen_recurso_origen,
						ai.padre = '1' as es_primer_nivel
				FROM 
						apex_usuario_grupo_acc auga
					JOIN apex_usuario_grupo_acc_item augai ON (auga.proyecto = augai.proyecto AND auga.usuario_grupo_acc = augai.usuario_grupo_acc)
					JOIN apex_item ai ON (augai.item = ai.item AND augai.proyecto = ai.proyecto)	
				WHERE auga.menu_usuario is null
					AND (ai.menu = 1)
					AND ai.item != ai.padre
					AND	(auga.usuario_grupo_acc IN ('admin') OR ai.publico = 1)
					AND	(ai.proyecto = 'portal')
			) ORDER BY 1, 6
[DEBUG][portal] (
				SELECT 	amo.padre,
							amo.carpeta,
							amo.proyecto,
							amo.item,
							amo.descripcion as nombre,
							ai.orden as 		orden,
							ai.imagen,
							ai.imagen_recurso_origen,
							amo.padre = '1' as es_primer_nivel
				   FROM 
							apex_usuario_grupo_acc auga
						JOIN apex_menu_operaciones amo ON (auga.menu_usuario = amo.menu_id AND auga.proyecto = amo.proyecto)
						JOIN apex_usuario_grupo_acc_item augai ON (auga.proyecto = augai.proyecto AND auga.usuario_grupo_acc = augai.usuario_grupo_acc AND augai.item = amo.item)
						JOIN apex_item ai ON (augai.item = ai.item AND augai.proyecto = ai.proyecto)	
				  WHERE (ai.menu = 1)
					AND ai.item != ai.padre
					AND	(auga.usuario_grupo_acc IN ('admin') OR ai.publico = 1)
					AND	(amo.proyecto = 'portal')
					AND auga.menu_usuario IS NOT NULL
			UNION
				SELECT 	ai.padre,
						ai.carpeta,
						ai.proyecto,
						ai.item,
						ai.nombre as nombre,
						ai.orden as 		orden,
						ai.imagen,
						ai.imagen_recurso_origen,
						ai.padre = '1' as es_primer_nivel
				FROM 
						apex_usuario_grupo_acc auga
					JOIN apex_usuario_grupo_acc_item augai ON (auga.proyecto = augai.proyecto AND auga.usuario_grupo_acc = augai.usuario_grupo_acc)
					JOIN apex_item ai ON (augai.item = ai.item AND augai.proyecto = ai.proyecto)	
				WHERE auga.menu_usuario is null
					AND (ai.menu = 1)
					AND ai.item != ai.padre
					AND	(auga.usuario_grupo_acc IN ('admin') OR ai.publico = 1)
					AND	(ai.proyecto = 'portal')
			) ORDER BY 1, 6
[DEBUG][portal] (
				SELECT 	amo.padre,
							amo.carpeta,
							amo.proyecto,
							amo.item,
							amo.descripcion as nombre,
							ai.orden as 		orden,
							ai.imagen,
							ai.imagen_recurso_origen,
							amo.padre = '1' as es_primer_nivel
				   FROM 
							apex_usuario_grupo_acc auga
						JOIN apex_menu_operaciones amo ON (auga.menu_usuario = amo.menu_id AND auga.proyecto = amo.proyecto)
						JOIN apex_usuario_grupo_acc_item augai ON (auga.proyecto = augai.proyecto AND auga.usuario_grupo_acc = augai.usuario_grupo_acc AND augai.item = amo.item)
						JOIN apex_item ai ON (augai.item = ai.item AND augai.proyecto = ai.proyecto)	
				  WHERE (ai.menu = 1)
					AND ai.item != ai.padre
					AND	(auga.usuario_grupo_acc IN ('admin') OR ai.publico = 1)
					AND	(amo.proyecto = 'portal')
					AND auga.menu_usuario IS NOT NULL
			UNION
				SELECT 	ai.padre,
						ai.carpeta,
						ai.proyecto,
						ai.item,
						ai.nombre as nombre,
						ai.orden as 		orden,
						ai.imagen,
						ai.imagen_recurso_origen,
						ai.padre = '1' as es_primer_nivel
				FROM 
						apex_usuario_grupo_acc auga
					JOIN apex_usuario_grupo_acc_item augai ON (auga.proyecto = augai.proyecto AND auga.usuario_grupo_acc = augai.usuario_grupo_acc)
					JOIN apex_item ai ON (augai.item = ai.item AND augai.proyecto = ai.proyecto)	
				WHERE auga.menu_usuario is null
					AND (ai.menu = 1)
					AND ai.item != ai.padre
					AND	(auga.usuario_grupo_acc IN ('admin') OR ai.publico = 1)
					AND	(ai.proyecto = 'portal')
			) ORDER BY 1, 6
[DEBUG][toba] [SECCION] Iniciando componentes...
[INFO][portal] PUNTO MONTAJE: se cargó la clase configuraciones/categorias/ci_categorias.php del punto de montaje proyecto. El path del mismo es /app/aplicacion/php
[DEBUG][toba] componente(2347): Pantalla de eventos: 'pant_seleccion'
[DEBUG][toba] [SECCION] Procesando eventos...
[DEBUG][toba] componente(2347): [ inicializar_dependencias ]
array (
  0 => 'filtro',
  1 => 'cuadro',
)
[DEBUG][toba] componente(2347): [ registrar_evento ] 'seleccion' -> [ evt__cuadro__seleccion ]
array (
  0 => 
  array (
    'id' => 5,
  ),
)
[DEBUG][toba] componente(2343): portal_datos_relacion: ***   Inicio CARGAR ****************************
[DEBUG][toba] TABLA: [categorias]
RESET!!
[DEBUG][toba] TABLA: [categorias]
Se resetea el cursor
[DEBUG][toba] AP_TABLA: [categorias]
SQL de carga: 
SELECT
	categorias.id, 
	categorias.id_tipo_categoria, 
	categorias.id_tipo_estado, 
	categorias.codigo, 
	categorias.denominacion, 
	categorias.descripcion, 
	categorias.suscripciones, 
	categorias.id_padre, 
	categorias.imagen_portada, 
	categorias.principal, 
	categorias.orden, 
	categorias.id_ubicacion
FROM
	categorias as categorias
WHERE
	categorias.id = '5'

[DEBUG][toba] TABLA: [categorias]
Carga de datos  FILAS: 1
[DEBUG][toba] componente(2343): portal_datos_relacion: ***   Fin CARGAR (OK) *************************
[INFO][toba] componente(2347): [ callback ] 'evt__pant_seleccion__salida' no fue atrapado
[INFO][toba] componente(2347): [ callback ] 'evt__pant_edicion__entrada' no fue atrapado
[DEBUG][toba] [SECCION] Configurando dependencias para responder al servicio...
[DEBUG][toba] componente(2347): Pantalla de servicio: 'pant_edicion'
[INFO][toba] componente(2347): [ callback ] 'conf__pant_edicion' no fue atrapado
[DEBUG][toba] componente(2345):  IMPLICITO: modificacion
[DEBUG][toba] componente(2347): [ callback ] 'conf__formulario'
[DEBUG][toba] [SECCION] Respondiendo al servicio__generar_html...
-o-o-o-o-o-
Fecha: 23-07-2020 00:00:17
Operacion: Secciones
Usuario: toba
Version-PHP: 7.3.13
Servidor: localhost
URI: /portal/aplicacion.php?ah=st5f18fd2c184b76.34360712&ai=portal%7C%7C3474
Referrer: http://localhost:81/portal/aplicacion.php?ah=st5f18fcff1e5611.65107818&ai=portal%7C%7C3474
Host: 172.30.0.1
==========
[DEBUG][portal] PUNTO DE MONTAJE: se cargó exitosamente el autoload del punto de montaje proyecto
[DEBUG][portal] INSTALACION "/app/instalacion"
[DEBUG][portal] Parametros instancia desarrollo: array (
  'base' => 'toba',
  'proyectos' => 'toba_usuarios, toba_editor, toba_referencia, portal',
  'tipo' => 'normal',
  'toba_usuarios' => 
  array (
    'path' => '/app/toba/vendor/siu-toba/framework/proyectos/toba_usuarios',
    'url' => '/portal/usuarios',
  ),
  'toba_editor' => 
  array (
    'path' => '/app/toba/vendor/siu-toba/framework/proyectos/toba_editor',
    'url' => '/portal/editor',
  ),
  'toba_referencia' => 
  array (
    'path' => '/app/toba/vendor/siu-toba/framework/proyectos/toba_referencia',
    'url' => '/toba_referencia/3.3',
  ),
  'portal' => 
  array (
    'path' => '/app/aplicacion',
    'url' => '/portal',
  ),
)
[DEBUG][portal] INSTANCIA "desarrollo"
[DEBUG][portal] Conectando a base 'toba'
[DEBUG][portal] Parametros de conexion: array (
  'motor' => 'postgres7',
  'profile' => 'dbpostgresql',
  'usuario' => 'postgres',
  'clave' => '4204@2-0.513',
  'base' => 'toba',
  'puerto' => '5432',
  'encoding' => 'LATIN1',
  'schema' => 'desarrollo',
)
[DEBUG][portal] PROYECTO "portal"
[DEBUG][portal] PROYECTO "portal"
[DEBUG][portal] (
				SELECT 	amo.padre,
							amo.carpeta,
							amo.proyecto,
							amo.item,
							amo.descripcion as nombre,
							ai.orden as 		orden,
							ai.imagen,
							ai.imagen_recurso_origen,
							amo.padre = '1' as es_primer_nivel
				   FROM 
							apex_usuario_grupo_acc auga
						JOIN apex_menu_operaciones amo ON (auga.menu_usuario = amo.menu_id AND auga.proyecto = amo.proyecto)
						JOIN apex_usuario_grupo_acc_item augai ON (auga.proyecto = augai.proyecto AND auga.usuario_grupo_acc = augai.usuario_grupo_acc AND augai.item = amo.item)
						JOIN apex_item ai ON (augai.item = ai.item AND augai.proyecto = ai.proyecto)	
				  WHERE (ai.menu = 1)
					AND ai.item != ai.padre
					AND	(auga.usuario_grupo_acc IN ('admin') OR ai.publico = 1)
					AND	(amo.proyecto = 'portal')
					AND auga.menu_usuario IS NOT NULL
			UNION
				SELECT 	ai.padre,
						ai.carpeta,
						ai.proyecto,
						ai.item,
						ai.nombre as nombre,
						ai.orden as 		orden,
						ai.imagen,
						ai.imagen_recurso_origen,
						ai.padre = '1' as es_primer_nivel
				FROM 
						apex_usuario_grupo_acc auga
					JOIN apex_usuario_grupo_acc_item augai ON (auga.proyecto = augai.proyecto AND auga.usuario_grupo_acc = augai.usuario_grupo_acc)
					JOIN apex_item ai ON (augai.item = ai.item AND augai.proyecto = ai.proyecto)	
				WHERE auga.menu_usuario is null
					AND (ai.menu = 1)
					AND ai.item != ai.padre
					AND	(auga.usuario_grupo_acc IN ('admin') OR ai.publico = 1)
					AND	(ai.proyecto = 'portal')
			) ORDER BY 1, 6
[DEBUG][portal] (
				SELECT 	amo.padre,
							amo.carpeta,
							amo.proyecto,
							amo.item,
							amo.descripcion as nombre,
							ai.orden as 		orden,
							ai.imagen,
							ai.imagen_recurso_origen,
							amo.padre = '1' as es_primer_nivel
				   FROM 
							apex_usuario_grupo_acc auga
						JOIN apex_menu_operaciones amo ON (auga.menu_usuario = amo.menu_id AND auga.proyecto = amo.proyecto)
						JOIN apex_usuario_grupo_acc_item augai ON (auga.proyecto = augai.proyecto AND auga.usuario_grupo_acc = augai.usuario_grupo_acc AND augai.item = amo.item)
						JOIN apex_item ai ON (augai.item = ai.item AND augai.proyecto = ai.proyecto)	
				  WHERE (ai.menu = 1)
					AND ai.item != ai.padre
					AND	(auga.usuario_grupo_acc IN ('admin') OR ai.publico = 1)
					AND	(amo.proyecto = 'portal')
					AND auga.menu_usuario IS NOT NULL
			UNION
				SELECT 	ai.padre,
						ai.carpeta,
						ai.proyecto,
						ai.item,
						ai.nombre as nombre,
						ai.orden as 		orden,
						ai.imagen,
						ai.imagen_recurso_origen,
						ai.padre = '1' as es_primer_nivel
				FROM 
						apex_usuario_grupo_acc auga
					JOIN apex_usuario_grupo_acc_item augai ON (auga.proyecto = augai.proyecto AND auga.usuario_grupo_acc = augai.usuario_grupo_acc)
					JOIN apex_item ai ON (augai.item = ai.item AND augai.proyecto = ai.proyecto)	
				WHERE auga.menu_usuario is null
					AND (ai.menu = 1)
					AND ai.item != ai.padre
					AND	(auga.usuario_grupo_acc IN ('admin') OR ai.publico = 1)
					AND	(ai.proyecto = 'portal')
			) ORDER BY 1, 6
[DEBUG][portal] (
				SELECT 	amo.padre,
							amo.carpeta,
							amo.proyecto,
							amo.item,
							amo.descripcion as nombre,
							ai.orden as 		orden,
							ai.imagen,
							ai.imagen_recurso_origen,
							amo.padre = '1' as es_primer_nivel
				   FROM 
							apex_usuario_grupo_acc auga
						JOIN apex_menu_operaciones amo ON (auga.menu_usuario = amo.menu_id AND auga.proyecto = amo.proyecto)
						JOIN apex_usuario_grupo_acc_item augai ON (auga.proyecto = augai.proyecto AND auga.usuario_grupo_acc = augai.usuario_grupo_acc AND augai.item = amo.item)
						JOIN apex_item ai ON (augai.item = ai.item AND augai.proyecto = ai.proyecto)	
				  WHERE (ai.menu = 1)
					AND ai.item != ai.padre
					AND	(auga.usuario_grupo_acc IN ('admin') OR ai.publico = 1)
					AND	(amo.proyecto = 'portal')
					AND auga.menu_usuario IS NOT NULL
			UNION
				SELECT 	ai.padre,
						ai.carpeta,
						ai.proyecto,
						ai.item,
						ai.nombre as nombre,
						ai.orden as 		orden,
						ai.imagen,
						ai.imagen_recurso_origen,
						ai.padre = '1' as es_primer_nivel
				FROM 
						apex_usuario_grupo_acc auga
					JOIN apex_usuario_grupo_acc_item augai ON (auga.proyecto = augai.proyecto AND auga.usuario_grupo_acc = augai.usuario_grupo_acc)
					JOIN apex_item ai ON (augai.item = ai.item AND augai.proyecto = ai.proyecto)	
				WHERE auga.menu_usuario is null
					AND (ai.menu = 1)
					AND ai.item != ai.padre
					AND	(auga.usuario_grupo_acc IN ('admin') OR ai.publico = 1)
					AND	(ai.proyecto = 'portal')
			) ORDER BY 1, 6
[DEBUG][portal] (
				SELECT 	amo.padre,
							amo.carpeta,
							amo.proyecto,
							amo.item,
							amo.descripcion as nombre,
							ai.orden as 		orden,
							ai.imagen,
							ai.imagen_recurso_origen,
							amo.padre = '1' as es_primer_nivel
				   FROM 
							apex_usuario_grupo_acc auga
						JOIN apex_menu_operaciones amo ON (auga.menu_usuario = amo.menu_id AND auga.proyecto = amo.proyecto)
						JOIN apex_usuario_grupo_acc_item augai ON (auga.proyecto = augai.proyecto AND auga.usuario_grupo_acc = augai.usuario_grupo_acc AND augai.item = amo.item)
						JOIN apex_item ai ON (augai.item = ai.item AND augai.proyecto = ai.proyecto)	
				  WHERE (ai.menu = 1)
					AND ai.item != ai.padre
					AND	(auga.usuario_grupo_acc IN ('admin') OR ai.publico = 1)
					AND	(amo.proyecto = 'portal')
					AND auga.menu_usuario IS NOT NULL
			UNION
				SELECT 	ai.padre,
						ai.carpeta,
						ai.proyecto,
						ai.item,
						ai.nombre as nombre,
						ai.orden as 		orden,
						ai.imagen,
						ai.imagen_recurso_origen,
						ai.padre = '1' as es_primer_nivel
				FROM 
						apex_usuario_grupo_acc auga
					JOIN apex_usuario_grupo_acc_item augai ON (auga.proyecto = augai.proyecto AND auga.usuario_grupo_acc = augai.usuario_grupo_acc)
					JOIN apex_item ai ON (augai.item = ai.item AND augai.proyecto = ai.proyecto)	
				WHERE auga.menu_usuario is null
					AND (ai.menu = 1)
					AND ai.item != ai.padre
					AND	(auga.usuario_grupo_acc IN ('admin') OR ai.publico = 1)
					AND	(ai.proyecto = 'portal')
			) ORDER BY 1, 6
[DEBUG][toba] [SECCION] Iniciando componentes...
[INFO][portal] PUNTO MONTAJE: se cargó la clase configuraciones/categorias/ci_categorias.php del punto de montaje proyecto. El path del mismo es /app/aplicacion/php
[DEBUG][toba] componente(2347): Pantalla de eventos: 'pant_edicion'
[DEBUG][toba] [SECCION] Procesando eventos...
[DEBUG][toba] componente(2347): [ inicializar_dependencias ]
array (
  0 => 'formulario',
)
[DEBUG][toba] componente(2345):  IMPLICITO: modificacion
[DEBUG][toba] componente(2347): [ registrar_evento ] 'modificacion' -> [ evt__formulario__modificacion ]
array (
  0 => 
  array (
    'id_padre' => NULL,
    'codigo' => 'efemerides',
    'denominacion' => 'EFEMERIDES',
    'descripcion' => NULL,
    'id_tipo_categoria' => 'CAT1',
    'id_ubicacion' => 'SIDEBAR',
    'orden' => NULL,
    'principal' => '0',
    'suscripciones' => '0',
    'id_tipo_estado' => 'ACTIVO',
    'imagen_portada' => NULL,
    'imagen_aux' => NULL,
  ),
)
[WARNING][portal] componente(2342): portal_datos_tabla El registro tiene una estructura incorrecta: El campo 'imagen_aux'  no forma parte de la DEFINICION.
[DEBUG][toba] componente(2347): [ evento ] 'guardar' -> [ evt__guardar ]
[DEBUG][toba] ************ ABRIR transaccion (portal@dbpostgresql) ****************
[DEBUG][toba] AP_TABLA: [categorias]
registro: 0
 UPDATE categorias
SET id_ubicacion = 'SIDEBAR'
WHERE id = '5'
	AND id_tipo_categoria = 'CAT1'
	AND id_tipo_estado = 'ACTIVO'
	AND codigo = 'efemerides'
	AND denominacion = 'EFEMERIDES'
	AND descripcion IS NULL
	AND suscripciones = 'false'
	AND id_padre IS NULL
	AND imagen_portada IS NULL
	AND principal = 'false'
	AND orden IS NULL
	AND id_ubicacion = 'CUERPO';
[DEBUG][toba] ************ CERRAR transaccion (portal@dbpostgresql) ****************
[DEBUG][toba] TABLA: [categorias]
RESET!!
[DEBUG][toba] TABLA: [categorias]
Se resetea el cursor
[INFO][toba] componente(2347): [ callback ] 'evt__pant_edicion__salida' no fue atrapado
[INFO][toba] componente(2347): [ callback ] 'evt__pant_seleccion__entrada' no fue atrapado
[DEBUG][toba] [SECCION] Configurando dependencias para responder al servicio...
[DEBUG][toba] componente(2347): Pantalla de servicio: 'pant_seleccion'
[INFO][toba] componente(2347): [ callback ] 'conf__pant_seleccion' no fue atrapado
[DEBUG][toba] componente(2347): [ callback ] 'conf__filtro'
[DEBUG][toba] Se filtro el evento: cancelar
[DEBUG][toba] componente(2347): [ callback ] 'conf__cuadro'
[DEBUG][toba] [SECCION] Respondiendo al servicio__generar_html...
